#! /Users/sriramnimmala/Desktop/oss-cad-suite/bin/vvp
:ivl_version "13.0 (devel)" "(s20221226-518-g94d9d1951)";
:ivl_delay_selection "TYPICAL";
:vpi_time_precision + 0;
:vpi_module "/Users/sriramnimmala/Desktop/oss-cad-suite/lib/ivl/system.vpi";
:vpi_module "/Users/sriramnimmala/Desktop/oss-cad-suite/lib/ivl/vhdl_sys.vpi";
:vpi_module "/Users/sriramnimmala/Desktop/oss-cad-suite/lib/ivl/vhdl_textio.vpi";
:vpi_module "/Users/sriramnimmala/Desktop/oss-cad-suite/lib/ivl/v2005_math.vpi";
:vpi_module "/Users/sriramnimmala/Desktop/oss-cad-suite/lib/ivl/va_math.vpi";
:vpi_module "/Users/sriramnimmala/Desktop/oss-cad-suite/lib/ivl/v2009.vpi";
S_0x15b706310 .scope package, "$unit" "$unit" 2 1;
 .timescale 0 0;
S_0x15b704270 .scope module, "tb_bec" "tb_bec" 3 4;
 .timescale 0 0;
P_0x15b707270 .param/l "CLK_PERIOD" 1 3 15, +C4<00000000000000000000000000001010>;
v0x15b71f960_0 .var "clk", 0 0;
v0x15b71fa10_0 .var "din", 31 0;
v0x15b71fad0_0 .net "dout", 31 0, v0x15b71f220_0;  1 drivers
v0x15b71fba0_0 .var "en", 0 0;
E_0x15b7077e0 .event posedge, v0x15b71f960_0;
S_0x15b7043e0 .scope module, "DUT" "bec" 3 9, 4 1 0, S_0x15b704270;
 .timescale 0 0;
    .port_info 0 /INPUT 1 "en";
    .port_info 1 /INPUT 32 "din";
    .port_info 2 /OUTPUT 32 "dout";
v0x15b70f130_0 .net "din", 31 0, v0x15b71fa10_0;  1 drivers
v0x15b71f220_0 .var "dout", 31 0;
v0x15b71f2d0_0 .net "en", 0 0, v0x15b71fba0_0;  1 drivers
E_0x15b706d60 .event anyedge, v0x15b71f2d0_0, v0x15b70f130_0;
S_0x15b71f3d0 .scope task, "init" "init" 3 17, 3 17 0, S_0x15b704270;
 .timescale 0 0;
TD_tb_bec.init ;
    %pushi/vec4 0, 0, 1;
    %store/vec4 v0x15b71fba0_0, 0, 1;
    %pushi/vec4 0, 0, 32;
    %store/vec4 v0x15b71fa10_0, 0, 32;
    %delay 10, 0;
    %end;
S_0x15b71f5a0 .scope task, "test_pattern" "test_pattern" 3 22, 3 22 0, S_0x15b704270;
 .timescale 0 0;
v0x15b71f760_0 .var "expected_val", 31 0;
v0x15b71f800_0 .var "input_val", 31 0;
v0x15b71f8b0_0 .var/str "test_name";
TD_tb_bec.test_pattern ;
    %vpi_call/w 3 27 "$display", "Test: %s", v0x15b71f8b0_0 {0 0 0};
    %load/vec4 v0x15b71f800_0;
    %store/vec4 v0x15b71fa10_0, 0, 32;
    %pushi/vec4 1, 0, 1;
    %store/vec4 v0x15b71fba0_0, 0, 1;
    %delay 10, 0;
    %load/vec4 v0x15b71fad0_0;
    %load/vec4 v0x15b71f760_0;
    %cmp/ne;
    %jmp/0xz  T_1.0, 6;
    %vpi_call/w 3 33 "$display", "  Error: Input=%h, Expected=%h, Got=%h", v0x15b71f800_0, v0x15b71f760_0, v0x15b71fad0_0 {0 0 0};
    %jmp T_1.1;
T_1.0 ;
    %vpi_call/w 3 36 "$display", "  Passed" {0 0 0};
T_1.1 ;
    %end;
    .scope S_0x15b7043e0;
T_2 ;
    %wait E_0x15b706d60;
    %load/vec4 v0x15b71f2d0_0;
    %flag_set/vec4 8;
    %jmp/0xz  T_2.0, 8;
    %load/vec4 v0x15b70f130_0;
    %parti/s 8, 0, 2;
    %ix/load 4, 24, 0;
    %flag_set/imm 4, 0;
    %store/vec4 v0x15b71f220_0, 4, 8;
    %load/vec4 v0x15b70f130_0;
    %parti/s 9, 7, 4;
    %ix/load 4, 15, 0;
    %flag_set/imm 4, 0;
    %store/vec4 v0x15b71f220_0, 4, 9;
    %load/vec4 v0x15b70f130_0;
    %parti/s 9, 15, 5;
    %ix/load 4, 7, 0;
    %flag_set/imm 4, 0;
    %store/vec4 v0x15b71f220_0, 4, 9;
    %load/vec4 v0x15b70f130_0;
    %parti/s 8, 24, 6;
    %ix/load 4, 0, 0;
    %flag_set/imm 4, 0;
    %store/vec4 v0x15b71f220_0, 4, 8;
T_2.0 ;
    %jmp T_2;
    .thread T_2, $push;
    .scope S_0x15b704270;
T_3 ;
    %delay 5, 0;
    %load/vec4 v0x15b71f960_0;
    %inv;
    %store/vec4 v0x15b71f960_0, 0, 1;
    %jmp T_3;
    .thread T_3;
    .scope S_0x15b704270;
T_4 ;
    %vpi_call/w 3 40 "$dumpfile", "tb_bec.vcd" {0 0 0};
    %vpi_call/w 3 41 "$dumpvars", 32'sb00000000000000000000000000000000, S_0x15b704270 {0 0 0};
    %end;
    .thread T_4;
    .scope S_0x15b704270;
T_5 ;
    %pushi/vec4 0, 0, 1;
    %assign/vec4 v0x15b71f960_0, 0;
    %fork TD_tb_bec.init, S_0x15b71f3d0;
    %join;
    %pushi/vec4 5, 0, 32;
T_5.0 %dup/vec4;
    %pushi/vec4 0, 0, 32;
    %cmp/s;
    %jmp/1xz T_5.1, 5;
    %jmp/1 T_5.1, 4;
    %pushi/vec4 1, 0, 32;
    %sub;
    %wait E_0x15b7077e0;
    %jmp T_5.0;
T_5.1 ;
    %pop/vec4 1;
    %pushi/str "Basic pattern";
    %store/str v0x15b71f8b0_0;
    %pushi/vec4 287454020, 0, 32;
    %store/vec4 v0x15b71f800_0, 0, 32;
    %pushi/vec4 1144201745, 0, 32;
    %store/vec4 v0x15b71f760_0, 0, 32;
    %fork TD_tb_bec.test_pattern, S_0x15b71f5a0;
    %join;
    %wait E_0x15b7077e0;
    %pushi/vec4 2, 0, 32;
T_5.2 %dup/vec4;
    %pushi/vec4 0, 0, 32;
    %cmp/s;
    %jmp/1xz T_5.3, 5;
    %jmp/1 T_5.3, 4;
    %pushi/vec4 1, 0, 32;
    %sub;
    %wait E_0x15b7077e0;
    %jmp T_5.2;
T_5.3 ;
    %pop/vec4 1;
    %vpi_call/w 3 54 "$finish" {0 0 0};
    %end;
    .thread T_5;
# The file index is used to find the file name in the following table.
:file_names 5;
    "N/A";
    "<interactive>";
    "-";
    "bec_tb.v";
    "./bec.v";
